Arguments: 
  C:\Program Files\nodejs\node.exe C:\Program Files (x86)\Yarn\bin\yarn.js install

PATH: 
  F:\Tools\Cmder\vendor\conemu-maximus5\ConEmu\Scripts;F:\Tools\Cmder\vendor\conemu-maximus5;F:\Tools\Cmder\vendor\conemu-maximus5\ConEmu;C:\ProgramData\Oracle\Java\javapath;C:\WINDOWS\system32;C:\WINDOWS;C:\WINDOWS\System32\Wbem;C:\WINDOWS\System32\WindowsPowerShell\v1.0\;F:\Program Files\TortoiseSVN\bin;F:\Python27;C:\Program Files\TortoiseHg\;C:\Program Files (x86)\Windows Kits\8.1\Windows Performance Toolkit\;C:\Program Files\Microsoft\Web Platform Installer\;C:\Program Files\TortoiseGit\bin;C:\Program Files\dotnet\;F:\Program Files\Git\cmd;C:\Program Files\nodejs\;C:\Program Files (x86)\Skype\Phone\;C:\Program Files\Microsoft SQL Server\Client SDK\ODBC\130\Tools\Binn\;C:\Program Files (x86)\Microsoft SQL Server\130\Tools\Binn\;C:\Program Files\Microsoft SQL Server\130\Tools\Binn\;C:\Program Files\Microsoft SQL Server\130\DTS\Binn\;C:\Program Files (x86)\Yarn\bin;C:\Users\Ori\.dnx\bin;F:\Tools\PsTools;C:\Program Files (x86)\MSBuild\14.0\Bin;C:\Program Files (x86)\Microsoft VS Code\bin;F:\Tools;F:\Ruby22-x64\bin;F:\Program Files\Docker Toolbox;F:\Program Files (x86)\Sophos\Sophos SSL VPN Client\bin;F:\OpenSSL\bin;C:\Users\Ori\AppData\Local\Microsoft\WindowsApps;F:\Tools\Cmder;F:\Program Files (x86)\Notepad++;F:\Tools\Cmds;C:\Users\Ori\AppData\Roaming\npm;C:\Users\Ori\AppData\Local\Yarn\bin

Yarn version: 
  0.27.5

Node version: 
  8.0.0

Platform: 
  win32 x64

npm manifest: 
  {
    "name": "angular-profiler",
    "version": "0.0.0",
    "license": "MIT",
    "scripts": {
      "ng": "ng",
      "start": "ng serve",
      "build": "ng build",
      "test": "ng test",
      "lint": "ng lint",
      "e2e": "ng e2e"
    },
    "private": true,
    "dependencies": {
      "@angular/animations": "^4.0.0",
      "@angular/common": "^4.0.0",
      "@angular/compiler": "^4.0.0",
      "@angular/core": "^4.0.0",
      "@angular/forms": "^4.0.0",
      "@angular/http": "^4.0.0",
      "@angular/platform-browser": "^4.0.0",
      "@angular/platform-browser-dynamic": "^4.0.0",
      "@angular/router": "^4.0.0",
      "core-js": "^2.4.1",
      "rxjs": "^5.1.0",
      "zone.js": "^0.8.4"
    },
    "devDependencies": {
      "@angular/cli": "1.2.1",
      "@angular/compiler-cli": "^4.0.0",
      "@angular/language-service": "^4.0.0",
      "@types/jasmine": "~2.5.53",
      "@types/jasminewd2": "~2.0.2",
      "@types/node": "~6.0.60",
      "codelyzer": "~3.0.1",
      "jasmine-core": "~2.6.2",
      "jasmine-spec-reporter": "~4.1.0",
      "karma": "~1.7.0",
      "karma-chrome-launcher": "~2.1.1",
      "karma-cli": "~1.0.1",
      "karma-coverage-istanbul-reporter": "^1.2.1",
      "karma-jasmine": "~1.1.0",
      "karma-jasmine-html-reporter": "^0.2.2",
      "protractor": "~5.1.2",
      "ts-node": "~3.0.4",
      "tslint": "~5.3.2",
      "typescript": "~2.3.3"
    }
  }

yarn manifest: 
  No manifest

Lockfile: 
  No lockfile

Trace: 
  Error: write EPIPE
      at exports._errnoException (util.js:1026:11)
      at Socket._writeGeneric (net.js:759:25)
      at Socket._write (net.js:778:8)
      at doWrite (_stream_writable.js:371:12)
      at writeOrBuffer (_stream_writable.js:357:5)
      at Socket.Writable.write (_stream_writable.js:274:11)
      at Socket.write (net.js:696:40)
      at ConsoleReporter._log (C:\Program Files (x86)\Yarn\lib\yarn-cli.js:81298:17)
      at ConsoleReporter.log (C:\Program Files (x86)\Yarn\lib\yarn-cli.js:81290:10)
      at ConsoleReporter.step (C:\Program Files (x86)\Yarn\lib\yarn-cli.js:81243:10)
